2020-01-19 22:22:44.665 [main] INFO  com.wbl.util.WebDriverUtil - here all time
2020-01-19 22:23:04.248 [main] INFO  com.wbl.util.WebDriverUtil - here all time
2020-01-19 22:23:21.569 [main] INFO  com.wbl.base.CommonPage - Today's Deals
Best Sellers
Find a Gift
Customer Service
New Releases
Registry
Books
Gift Cards
2020-01-19 22:23:23.031 [main] INFO  com.wbl.util.WebDriverUtil - here all time
2020-01-19 22:23:39.992 [main] INFO  com.wbl.page.HomePage - The size of the slides: 6
2020-01-19 22:23:40.068 [main] INFO  com.wbl.page.HomePage - (-2698, 99)
2020-01-19 22:23:40.080 [main] INFO  com.wbl.page.HomePage - (-1349, 99)
2020-01-19 22:23:40.095 [main] INFO  com.wbl.page.HomePage - (0, 99)
2020-01-19 22:23:40.107 [main] INFO  com.wbl.page.HomePage - (1349, 99)
2020-01-19 22:23:40.116 [main] INFO  com.wbl.page.HomePage - (2698, 99)
2020-01-19 22:23:40.126 [main] INFO  com.wbl.page.HomePage - (4047, 99)
2020-01-19 22:23:41.744 [main] INFO  com.wbl.util.WebDriverUtil - here all time
2020-01-19 22:24:01.738 [main] INFO  com.wbl.util.WebDriverUtil - here all time
2020-01-19 22:24:22.839 [main] INFO  com.wbl.util.WebDriverUtil - here all time
